2022-08-16 22:07:02,233 ===============Report of Time===============
2022-08-16 22:07:02,234 

2022-08-16 22:07:02,234 Data for the storm is available starting at 2021-06-30 18:00:00
2022-08-16 22:07:02,234 

2022-08-16 22:07:02,234 Data for the storm is NOT available after 2021-07-10 06:00:00
2022-08-16 22:07:02,234 

2022-08-16 22:07:02,234 9.5 days are ready to be simulated
2022-08-16 22:07:02,234 6.83 days before landfall
2022-08-16 22:07:02,234 2.67 days after landfall
2022-08-16 22:07:02,234 

2022-08-16 22:07:02,234 ============================================
2022-08-16 22:07:02,235 

2022-08-16 22:07:02,668 ==============Search for Gauge==============
2022-08-16 22:07:02,668 ('Key West', ['8724580', 24.55083, -81.80806, 90.36])
2022-08-16 22:07:02,668 ('Port Manatee', ['8726384', 27.638333, -82.5625, 94.016])
2022-08-16 22:07:02,668 ('St. Petersburg, Tampa Bay', ['8726520', 27.76061, -82.6269, 86.006])
2022-08-16 22:07:02,668 ('Old Port Tampa', ['8726607', 27.8578, -82.552803, 93.364])
2022-08-16 22:07:02,669 ('Clearwater Beach', ['8726724', 27.978306, -82.831694, 68.608])
2022-08-16 22:07:02,669 ('Cedar Key', ['8727520', 29.135, -83.0317, 55.343])
2022-08-16 22:07:02,669 ('Yorktown USCG Training Center', ['8637689', 37.2265, -76.478806, 94.545])
2022-08-16 22:07:02,669 ('Lewes', ['8557380', 38.7817, -75.120003, 53.779])
2022-08-16 22:07:02,669 ('Ocean City Inlet', ['8570283', 38.328267, -75.091086, 36.533])
2022-08-16 22:07:02,669 ('Bishops Head', ['8571421', 38.22, -76.038333, 51.057])
2022-08-16 22:07:02,669 ('Cambridge', ['8571892', 38.5725, -76.061667, 52.515])
2022-08-16 22:07:02,669 ('Solomons Island', ['8577330', 38.317222, -76.450833, 83.415])
2022-08-16 22:07:02,669 ('Lewisetta', ['8635750', 37.995278, -76.464722, 95.562])
2022-08-16 22:07:02,669 ('The Battery', ['8518750', 40.700556, -74.014167, 89.209])
2022-08-16 22:07:02,669 ('Sandy Hook', ['8531680', 40.466944, -74.009444, 79.235])
2022-08-16 22:07:02,669 ('New London', ['8461490', 41.3717, -72.095525, 55.175])
2022-08-16 22:07:02,669 ('New Haven', ['8465705', 41.283333, -72.908333, 66.451])
2022-08-16 22:07:02,669 ('Bridgeport', ['8467150', 41.173302, -73.181702, 79.951])
2022-08-16 22:07:02,669 ('Montauk', ['8510560', 41.048333, -71.959444, 33.007])
2022-08-16 22:07:02,669 ('Fall River', ['8447386', 41.7043, -71.164101, 55.978])
2022-08-16 22:07:02,669 ('Newport', ['8452660', 41.504333, -71.326139, 33.248])
2022-08-16 22:07:02,669 ('Conimicut Light', ['8452944', 41.716702, -71.3433, 46.054])
2022-08-16 22:07:02,669 ('Providence', ['8454000', 41.807098, -71.401199, 51.637])
2022-08-16 22:07:02,669 ('Quonset Point', ['8454049', 41.58694, -71.41, 31.867])
2022-08-16 22:07:02,669 ('Boston', ['8443970', 42.3539, -71.05028, 39.569])
2022-08-16 22:07:02,669 ('Woods Hole', ['8447930', 41.523613, -70.671112, 59.583])
2022-08-16 22:07:02,669 ('Bar Harbor', ['8413320', 44.392194, -68.204278, 44.273])
2022-08-16 22:07:02,669 ==========================================
2022-08-16 22:07:02,669 

2022-08-16 22:07:03,640 
 
 ===========================Report Storm Significance===========================
2022-08-16 22:07:03,650 
 
 
            Key West  Port Manatee  St. Petersburg, Tampa Bay  Old Port Tampa  \
max surge     0.236         0.384                      0.463           0.542   
distance     90.360        94.016                     86.006          93.364   

           Clearwater Beach  Cedar Key  Yorktown USCG Training Center   Lewes  \
max surge             0.404      0.646                          0.291   0.387   
distance             68.608     55.343                         94.545  53.779   

           Ocean City Inlet  Bishops Head  Cambridge  Solomons Island  \
max surge             0.267         0.290      0.281            0.340   
distance             36.533        51.057     52.515           83.415   

           Lewisetta  The Battery  Sandy Hook  New London  New Haven  \
max surge      0.346        0.409       0.393       0.478      0.443   
distance      95.562       89.209      79.235      55.175     66.451   

           Bridgeport  Montauk  Fall River  Newport  Conimicut Light  \
max surge       0.478    0.422       0.461    0.445            0.461   
distance       79.951   33.007      55.978   33.248           46.054   

           Providence  Quonset Point  Boston  Woods Hole  Bar Harbor  
max surge       0.518          0.443   0.241       0.531       0.186  
distance       51.637         31.867  39.569      59.583      44.273  
2022-08-16 22:07:03,650 
 
 ===============================================================================
